<?xml version="1.0" encoding="UTF-8"?>
<!-- Generated by org.testng.reporters.JUnitReportReporter -->
<testsuite hostname="DESKTOP-DOLFA58" failures="0" tests="1" name="com.Automation.baseclass" time="0.022" errors="0" timestamp="2023-06-15T17:43:30 IST" skipped="0">
  <testcase classname="com.Automation.baseclass" name="methodtest4" time="0.022"/>
  <system-out/>
</testsuite> <!-- com.Automation.baseclass -->
